\BOOKMARK [1][-]{section.1}{C\363digo da disciplina}{}% 1
\BOOKMARK [2][-]{subsection.1.1}{Sigla}{section.1}% 2
\BOOKMARK [2][-]{subsection.1.2}{N\372mero}{section.1}% 3
\BOOKMARK [1][-]{section.2}{Sobre a Disciplina}{}% 4
\BOOKMARK [2][-]{subsection.2.1}{Classifique a disciplina cursada, dentre as demais disciplinas do curso, perante os seguintes temas:}{section.2}% 5
\BOOKMARK [2][-]{subsection.2.2}{Tempo de dedica\347\343o extraclasse \(por semana\):}{section.2}% 6
\BOOKMARK [2][-]{subsection.2.3}{Enumere os pontos mais importantes que aprendeu nesta disciplina:}{section.2}% 7
\BOOKMARK [2][-]{subsection.2.4}{Recomende materiais \(livros, apostilas, sites\):}{section.2}% 8
\BOOKMARK [2][-]{subsection.2.5}{Cite dicas para quem for cursar a disciplina:}{section.2}% 9
\BOOKMARK [2][-]{subsection.2.6}{Classifique, quando pertinente, os demais t\363picos a seguir:}{section.2}% 10
\BOOKMARK [1][-]{section.3}{Sobre o Docente}{}% 11
\BOOKMARK [2][-]{subsection.3.1}{Classifique o docente perante os temas:}{section.3}% 12
\BOOKMARK [2][-]{subsection.3.2}{Responda com respeito a atividade do docente nesta disciplina:}{section.3}% 13
\BOOKMARK [2][-]{subsection.3.3}{A dificuldade apontada \351 inerente a disciplina ou devido ao docente?}{section.3}% 14
\BOOKMARK [2][-]{subsection.3.4}{Cite qualidades positivas do docente:}{section.3}% 15
\BOOKMARK [2][-]{subsection.3.5}{Aponte, para o docente, pontos a melhorar:}{section.3}% 16
\BOOKMARK [2][-]{subsection.3.6}{Cite dicas para quem for fazer uma disciplina com este docente:}{section.3}% 17
\BOOKMARK [2][-]{subsection.3.7}{Voc\352 faria outra disciplina com este docente?}{section.3}% 18
\BOOKMARK [1][-]{section.4}{Coment\341rios adicionais}{}% 19
\BOOKMARK [2][-]{subsection.4.1}{Use este espa\347o para quaisquer coment\341rios adicionais ou para completar qualquer uma das quest\365es. Suas considera\347\365es s\343o fundamentais para novas propostas de melhoria no curso. Coment\341rios sobre o GDA ou sobre este fomul\341rio tamb\351m s\343o bem vindos.}{section.4}% 20
